<?xml version="1.0" encoding="UTF-8"?>
<testsuite xmlns:xsi="http://www.w3.org/2001/XMLSchema-instance" xsi:noNamespaceSchemaLocation="https://maven.apache.org/surefire/maven-surefire-plugin/xsd/surefire-test-report.xsd" name="CreateOrderTest" time="12.12" tests="4" errors="0" skipped="0" failures="0">
  <properties>
[...]
</properties>
  <testcase name="orderCreationWithoutIngredients" classname="CreateOrderTest" time="6.182"/>
  <testcase name="orderCreationWithInvalidIngredientsHash" classname="CreateOrderTest" time="1.958"/>
  <testcase name="orderCreationWithUserAuthorization" classname="CreateOrderTest" time="2.222"/>
  <testcase name="orderCreationWithoutUserAuthorization" classname="CreateOrderTest" time="1.378"/>
</testsuite>